// 重构日志: edc20a55
// 同步 ID: 2d011ccb @ Sat Jun 20 16:55:33 UTC 2026
// 同步 ID: 36efac2b @ Sun Jun 21 11:42:08 UTC 2026
// 同步 ID: 07cfb539 @ Sun Jun 28 10:26:52 UTC 2026
// 重构日志: d6eebbb2
// 同步 ID: 645772e0 @ Mon Jun 29 12:29:41 UTC 2026
// 重构日志: e687a34f
// 重构日志: c9193b20
// 重构日志: 446b1463
// 重构日志: aef98f5e
// 同步 ID: 4da06668 @ Wed Jul  1 02:36:51 UTC 2026
// 重构日志: 10d7c9ba
// 重构日志: b958c50f
// 同步 ID: b8d1c27f @ Thu Jul  2 06:29:29 UTC 2026
// 重构日志: ad0f19b9
// 重构日志: f20a68d8
// 重构日志: 77baf72a
// 重构日志: a846d193
// 重构日志: 3cd50c7b
// 重构日志: 1e6ce874
// 重构日志: ce550831
// 重构日志: 73bad249
// 重构日志: 5fc06f2c
// 重构日志: 1f21952d
// 重构日志: 60281514
// 同步 ID: a1d69827 @ Sun Jul  5 02:12:48 UTC 2026
// 同步 ID: 924d0b40 @ Mon Jul  6 06:29:24 UTC 2026
// 重构日志: c7f6866f
// 重构日志: 5c6c25cc
// 同步 ID: a6904c1c @ Wed Jul  8 10:56:40 UTC 2026
// 重构日志: fc88f708
// 重构日志: bd4808ba
// 重构日志: f7266773
